<?xml version="1.0" encoding="UTF-8"?>
<!-- Generated by org.testng.reporters.JUnitReportReporter -->
<testsuite skipped="0" hostname="Ammar.local" name="com.qa.hubspot.tests.HomePageTest" tests="1" failures="0" timestamp="1 Nov 2020 03:01:51 GMT" time="5.175" errors="0">
  <testcase name="verifyHomePageTitle" time="5.175" classname="com.qa.hubspot.tests.HomePageTest"/>
</testsuite> <!-- com.qa.hubspot.tests.HomePageTest -->
