<?xml version="1.0" encoding="UTF-8"?>
<!-- Generated by org.testng.reporters.JUnitReportReporter -->
<testsuite skipped="0" hostname="Ammar" name="com.qa.hubspot.tests.LoginPageTest" tests="1" failures="0" timestamp="1 Nov 2020 17:19:13 GMT" time="24.052" errors="0">
  <testcase name="LoginTest" time="24.052" classname="com.qa.hubspot.tests.LoginPageTest"/>
</testsuite> <!-- com.qa.hubspot.tests.LoginPageTest -->
